<?xml version="1.0" encoding="UTF-8"?>
<!-- Generated by org.testng.reporters.JUnitReportReporter -->
<testsuite hostname="LIN35002532" name="tests.NewCustomerTest" tests="1" failures="1" timestamp="31 Jul 2017 13:43:33 GMT" time="0.002" errors="0">
  <testcase name="createNewCustomer" time="0.002" classname="tests.NewCustomerTest">
    <failure type="org.openqa.selenium.TimeoutException" message="Timed out waiting for page load.
Command duration or timeout: 10.04 seconds
Build info: version: &#039;2.53.0&#039;, revision: &#039;35ae25b1534ae328c771e0856c93e187490ca824&#039;, time: &#039;2016-03-15 10:43:46&#039;
System info: host: &#039;LIN35002532&#039;, ip: &#039;10.76.83.196&#039;, os.name: &#039;Windows 7&#039;, os.arch: &#039;amd64&#039;, os.version: &#039;6.1&#039;, java.version: &#039;1.8.0_131&#039;
Driver info: org.openqa.selenium.firefox.FirefoxDriver
Capabilities [{applicationCacheEnabled=true, rotatable=false, handlesAlerts=true, databaseEnabled=true, version=46.0, platform=WINDOWS, nativeEvents=false, acceptSslCerts=true, webStorageEnabled=true, locationContextEnabled=true, browserName=firefox, takesScreenshot=true, javascriptEnabled=true, cssSelectorsEnabled=true}]
Session ID: abcd0a4a-92c5-4f58-a9e3-a72627d64dd2">
      <![CDATA[org.openqa.selenium.TimeoutException: Timed out waiting for page load.
Command duration or timeout: 10.04 seconds
Build info: version: '2.53.0', revision: '35ae25b1534ae328c771e0856c93e187490ca824', time: '2016-03-15 10:43:46'
System info: host: 'LIN35002532', ip: '10.76.83.196', os.name: 'Windows 7', os.arch: 'amd64', os.version: '6.1', java.version: '1.8.0_131'
Driver info: org.openqa.selenium.firefox.FirefoxDriver
Capabilities [{applicationCacheEnabled=true, rotatable=false, handlesAlerts=true, databaseEnabled=true, version=46.0, platform=WINDOWS, nativeEvents=false, acceptSslCerts=true, webStorageEnabled=true, locationContextEnabled=true, browserName=firefox, takesScreenshot=true, javascriptEnabled=true, cssSelectorsEnabled=true}]
Session ID: abcd0a4a-92c5-4f58-a9e3-a72627d64dd2
	at sun.reflect.NativeConstructorAccessorImpl.newInstance0(Native Method)
	at sun.reflect.NativeConstructorAccessorImpl.newInstance(Unknown Source)
	at sun.reflect.DelegatingConstructorAccessorImpl.newInstance(Unknown Source)
	at java.lang.reflect.Constructor.newInstance(Unknown Source)
	at org.openqa.selenium.remote.ErrorHandler.createThrowable(ErrorHandler.java:206)
	at org.openqa.selenium.remote.ErrorHandler.throwIfResponseFailed(ErrorHandler.java:158)
	at org.openqa.selenium.remote.RemoteWebDriver.execute(RemoteWebDriver.java:678)
	at org.openqa.selenium.remote.RemoteWebDriver.get(RemoteWebDriver.java:316)
	at tests.NewCustomerTest.loginPage(NewCustomerTest.java:24)
	at sun.reflect.NativeMethodAccessorImpl.invoke0(Native Method)
	at sun.reflect.NativeMethodAccessorImpl.invoke(Unknown Source)
	at sun.reflect.DelegatingMethodAccessorImpl.invoke(Unknown Source)
	at java.lang.reflect.Method.invoke(Unknown Source)
	at org.testng.internal.MethodInvocationHelper.invokeMethod(MethodInvocationHelper.java:84)
	at org.testng.internal.Invoker.invokeConfigurationMethod(Invoker.java:564)
	at org.testng.internal.Invoker.invokeConfigurations(Invoker.java:213)
	at org.testng.internal.Invoker.invokeConfigurations(Invoker.java:138)
	at org.testng.internal.TestMethodWorker.invokeBeforeClassMethods(TestMethodWorker.java:175)
	at org.testng.internal.TestMethodWorker.run(TestMethodWorker.java:107)
	at org.testng.TestRunner.privateRun(TestRunner.java:767)
	at org.testng.TestRunner.run(TestRunner.java:617)
	at org.testng.SuiteRunner.runTest(SuiteRunner.java:334)
	at org.testng.SuiteRunner.runSequentially(SuiteRunner.java:329)
	at org.testng.SuiteRunner.privateRun(SuiteRunner.java:291)
	at org.testng.SuiteRunner.run(SuiteRunner.java:240)
	at org.testng.SuiteRunnerWorker.runSuite(SuiteRunnerWorker.java:52)
	at org.testng.SuiteRunnerWorker.run(SuiteRunnerWorker.java:86)
	at org.testng.TestNG.runSuitesSequentially(TestNG.java:1224)
	at org.testng.TestNG.runSuitesLocally(TestNG.java:1149)
	at org.testng.TestNG.run(TestNG.java:1057)
	at org.testng.remote.AbstractRemoteTestNG.run(AbstractRemoteTestNG.java:132)
	at org.testng.remote.RemoteTestNG.initAndRun(RemoteTestNG.java:230)
	at org.testng.remote.RemoteTestNG.main(RemoteTestNG.java:76)
Caused by: org.openqa.selenium.TimeoutException: Timed out waiting for page load.
Build info: version: '2.53.0', revision: '35ae25b1534ae328c771e0856c93e187490ca824', time: '2016-03-15 10:43:46'
System info: host: 'LIN35002532', ip: '10.76.83.196', os.name: 'Windows 7', os.arch: 'amd64', os.version: '6.1', java.version: '1.8.0_131'
Driver info: driver.version: unknown
	at <anonymous class>.Utils.initWebLoadingListener/<(file:///C:/Users/srinivda/AppData/Local/Temp/anonymous7306914826931729143webdriver-profile/extensions/fxdriver@googlecode.com/components/driver-component.js:9071)
	at <anonymous class>.WebLoadingListener/e(file:///C:/Users/srinivda/AppData/Local/Temp/anonymous7306914826931729143webdriver-profile/extensions/fxdriver@googlecode.com/components/driver-component.js:5142)
	at <anonymous class>.WebLoadingListener/<(file:///C:/Users/srinivda/AppData/Local/Temp/anonymous7306914826931729143webdriver-profile/extensions/fxdriver@googlecode.com/components/driver-component.js:5150)
	at <anonymous class>.fxdriver.Timer.prototype.setTimeout/<.notify(file:///C:/Users/srinivda/AppData/Local/Temp/anonymous7306914826931729143webdriver-profile/extensions/fxdriver@googlecode.com/components/driver-component.js:625)
	at <anonymous class>.openModalWindow(resource://gre/components/nsPrompter.js:360)
	at <anonymous class>.ModalPrompter.prototype.openPrompt(resource://gre/components/nsPrompter.js:550)
	at <anonymous class>.ModalPrompter.prototype.nsIPrompt_promptUsernameAndPassword(resource://gre/components/nsPrompter.js:744)
	at <anonymous class>.ModalPrompter.prototype.promptAuth(resource://gre/components/nsPrompter.js:843)
	at <anonymous class>.Prompter.prototype.promptAuth(resource://gre/components/nsPrompter.js:108)
	at <anonymous class>.LoginManagerPrompter.prototype.promptAuth(resource://gre/components/nsLoginManagerPrompter.js:580)
	at <anonymous class>.LoginManagerPromptFactory.prototype._doAsyncPrompt/runnable.run(resource://gre/components/nsLoginManagerPrompter.js:108)
]]>
    </failure>
  </testcase> <!-- createNewCustomer -->
</testsuite> <!-- tests.NewCustomerTest -->
